This file contains any messages produced by compilers while
running configure, to aid debugging if configure makes a mistake.

It was created by BBDB configure 2.35, which was
generated by GNU Autoconf 2.69.  Invocation command line was

  $ ./configure 

## --------- ##
## Platform. ##
## --------- ##

hostname = logos
uname -m = x86_64
uname -r = 4.4.0-101-lowlatency
uname -s = Linux
uname -v = #124-Ubuntu SMP PREEMPT Fri Nov 10 19:25:08 UTC 2017

/usr/bin/uname -p = unknown
/bin/uname -X     = unknown

/bin/arch              = unknown
/usr/bin/arch -k       = unknown
/usr/convex/getsysinfo = unknown
/usr/bin/hostinfo      = unknown
/bin/machine           = unknown
/usr/bin/oslevel       = unknown
/bin/universe          = unknown

PATH: /home/lucas/.cargo/bin
PATH: /home/lucas/bin
PATH: /home/lucas/.nvm/versions/node/v6.11.4/bin
PATH: /home/lucas/bin
PATH: /home/lucas/bin
PATH: /usr/local/sbin
PATH: /usr/local/bin
PATH: /usr/sbin
PATH: /usr/bin
PATH: /sbin
PATH: /bin
PATH: /usr/games
PATH: /usr/local/games
PATH: /snap/bin
PATH: /home/lucas/bin
PATH: /snap/bin
PATH: /home/lucas/bin
PATH: /home/lucas/opt/android/tools
PATH: /home/lucas/.cargo/bin


## ----------- ##
## Core tests. ##
## ----------- ##

configure:1768: checking whether make sets $(MAKE)
configure:1790: result: yes
configure:1842: checking for a BSD-compatible install
configure:1910: result: /usr/bin/install -c
configure:1921: checking whether ln -s works
configure:1925: result: yes
configure:1934: checking for rm
configure:1952: found /bin/rm
configure:1965: result: /bin/rm
configure:1975: checking for grep
configure:1993: found /bin/grep
configure:2006: result: /bin/grep
configure:2015: checking for my keys
configure:2017: result: not found
configure:2025: checking for gtar
configure:2055: result: no
configure:2025: checking for tar
configure:2041: found /bin/tar
configure:2052: result: tar
configure:2064: checking that tar is GNU tar
configure:2071: result: yes
configure:2085: checking for gzip
configure:2101: found /bin/gzip
configure:2112: result: gzip
configure:2138: checking for makeinfo
configure:2154: found /usr/bin/makeinfo
configure:2165: result: makeinfo
configure:2181: checking for texi2dvi
configure:2197: found /usr/bin/texi2dvi
configure:2208: result: texi2dvi
configure:2224: checking for etags
configure:2240: found /usr/bin/etags
configure:2251: result: etags
configure:2274: checking for emacs
configure:2292: found /usr/bin/emacs
configure:2304: result: /usr/bin/emacs
configure:2666: creating ./config.status

## ---------------------- ##
## Running config.status. ##
## ---------------------- ##

This file was extended by BBDB config.status 2.35, which was
generated by GNU Autoconf 2.69.  Invocation command line was

  CONFIG_FILES    = 
  CONFIG_HEADERS  = 
  CONFIG_LINKS    = 
  CONFIG_COMMANDS = 
  $ ./config.status 

on logos

config.status:750: creating Makefile
config.status:750: creating lisp/Makefile
config.status:750: creating texinfo/Makefile
config.status:853: WARNING:  'texinfo/Makefile.in' seems to ignore the --datarootdir setting
config.status:750: creating tex/Makefile
config.status:750: creating utils/Makefile

## ---------------- ##
## Cache variables. ##
## ---------------- ##

ac_cv_env_build_alias_set=
ac_cv_env_build_alias_value=
ac_cv_env_host_alias_set=
ac_cv_env_host_alias_value=
ac_cv_env_target_alias_set=
ac_cv_env_target_alias_value=
ac_cv_path_EMACS_PROG=/usr/bin/emacs
ac_cv_path_GREP=/bin/grep
ac_cv_path_RM=/bin/rm
ac_cv_path_install='/usr/bin/install -c'
ac_cv_prog_COMPRESS=gzip
ac_cv_prog_ETAGS=etags
ac_cv_prog_MAKEINFO=makeinfo
ac_cv_prog_TAR=tar
ac_cv_prog_TEXI2DVI=texi2dvi
ac_cv_prog_make_make_set=yes

## ----------------- ##
## Output variables. ##
## ----------------- ##

BBDB_GNUS='gnus'
BBDB_LOADPATH='./loadpath.el'
BBDB_MHE=''
BBDB_REPORTMAIL=''
BBDB_RMAIL=''
BBDB_SC='bbdb-sc.elc'
BBDB_SRV=''
BBDB_VM=''
COMPEXT='gz'
COMPRESS='gzip --verbose --best'
DEFS='-DPACKAGE_NAME=\"BBDB\" -DPACKAGE_TARNAME=\"bbdb\" -DPACKAGE_VERSION=\"2.35\" -DPACKAGE_STRING=\"BBDB\ 2.35\" -DPACKAGE_BUGREPORT=\"bbdb-info@lists.sourceforge.net\" -DPACKAGE_URL=\"\"'
ECHO_C=''
ECHO_N='-n'
ECHO_T=''
EMACS_PROG='/usr/bin/emacs'
ETAGS='etags'
GNUSDIR=''
GREP='/bin/grep'
GREPCONTEXT=''
HUSHMAKE='@'
INSTALL_DATA='${INSTALL} -m 644'
INSTALL_PROGRAM='${INSTALL}'
INSTALL_SCRIPT='${INSTALL}'
LIBOBJS=''
LIBS=''
LINKPATH=''
LN_S='ln -s'
LTLIBOBJS=''
MAKEINFO='makeinfo'
MHEDIR=''
OTHERDIRS=''
PACKAGEDIR='/usr/lib/xemacs/site-packages'
PACKAGE_BUGREPORT='bbdb-info@lists.sourceforge.net'
PACKAGE_NAME='BBDB'
PACKAGE_STRING='BBDB 2.35'
PACKAGE_TARNAME='bbdb'
PACKAGE_URL=''
PACKAGE_VERSION='2.35'
PATH_SEPARATOR=':'
RM='/bin/rm -f'
SET_MAKE=''
SHELL='/bin/bash'
SYMLINKS='no'
TAR='tar'
TEXI2DVI='texi2dvi'
VMDIR=''
bindir='${exec_prefix}/bin'
build_alias=''
datadir='${datarootdir}'
datarootdir='${prefix}/share'
docdir='${datarootdir}/doc/${PACKAGE_TARNAME}'
dvidir='${docdir}'
exec_prefix='${prefix}'
host_alias=''
htmldir='${docdir}'
includedir='${prefix}/include'
infodir='${datarootdir}/info'
libdir='${exec_prefix}/lib'
libexecdir='${exec_prefix}/libexec'
localedir='${datarootdir}/locale'
localstatedir='${prefix}/var'
mandir='${datarootdir}/man'
oldincludedir='/usr/include'
pdfdir='${docdir}'
prefix='/usr/local'
program_transform_name='s,x,x,'
psdir='${docdir}'
runstatedir='${localstatedir}/run'
sbindir='${exec_prefix}/sbin'
sharedstatedir='${prefix}/com'
sysconfdir='${prefix}/etc'
target_alias=''

## ----------- ##
## confdefs.h. ##
## ----------- ##

/* confdefs.h */
#define PACKAGE_NAME "BBDB"
#define PACKAGE_TARNAME "bbdb"
#define PACKAGE_VERSION "2.35"
#define PACKAGE_STRING "BBDB 2.35"
#define PACKAGE_BUGREPORT "bbdb-info@lists.sourceforge.net"
#define PACKAGE_URL ""

configure: exit 0
